2018-02-17 15:15:04.944  INFO 6929 --- [main] com.mms.cloud.App                        : Starting App on 192.168.0.104 with PID 6929 (/Users/michael.li/Documents/GitHub/a2/monitor-micro-service/target/classes started by michael in /Users/michael.li/Documents/GitHub/a2/monitor-micro-service)
2018-02-17 15:15:04.953  INFO 6929 --- [main] com.mms.cloud.App                        : No active profile set, falling back to default profiles: default
2018-02-17 15:15:05.242  INFO 6929 --- [main] ationConfigEmbeddedWebApplicationContext : Refreshing org.springframework.boot.context.embedded.AnnotationConfigEmbeddedWebApplicationContext@25d250c6: startup date [Sat Feb 17 15:15:05 CST 2018]; root of context hierarchy
2018-02-17 15:15:07.442  INFO 6929 --- [main] o.s.b.f.xml.XmlBeanDefinitionReader      : Loading XML bean definitions from class path resource [META-INF/spring.xml]
2018-02-17 15:15:08.852  INFO 6929 --- [main] trationDelegate$BeanPostProcessorChecker : Bean 'loggingFailureListener' of type [com.mms.cloud.LoggingFailureListener] is not eligible for getting processed by all BeanPostProcessors (for example: not eligible for auto-proxying)
2018-02-17 15:15:09.721  INFO 6929 --- [main] s.b.c.e.t.TomcatEmbeddedServletContainer : Tomcat initialized with port(s): 8080 (http)
2018-02-17 15:15:09.744  INFO 6929 --- [main] o.apache.catalina.core.StandardService   : Starting service [Tomcat]
2018-02-17 15:15:09.746  INFO 6929 --- [main] org.apache.catalina.core.StandardEngine  : Starting Servlet Engine: Apache Tomcat/8.5.23
2018-02-17 15:15:09.958  INFO 6929 --- [localhost-startStop-1] o.a.c.c.C.[Tomcat].[localhost].[/]       : Initializing Spring embedded WebApplicationContext
2018-02-17 15:15:09.958  INFO 6929 --- [localhost-startStop-1] o.s.web.context.ContextLoader            : Root WebApplicationContext: initialization completed in 4727 ms
2018-02-17 15:15:10.319  INFO 6929 --- [localhost-startStop-1] o.s.b.w.servlet.ServletRegistrationBean  : Mapping servlet: 'dispatcherServlet' to [/]
2018-02-17 15:15:10.327  INFO 6929 --- [localhost-startStop-1] o.s.b.w.servlet.FilterRegistrationBean   : Mapping filter: 'metricsFilter' to: [/*]
2018-02-17 15:15:10.327  INFO 6929 --- [localhost-startStop-1] o.s.b.w.servlet.FilterRegistrationBean   : Mapping filter: 'characterEncodingFilter' to: [/*]
2018-02-17 15:15:10.329  INFO 6929 --- [localhost-startStop-1] o.s.b.w.servlet.FilterRegistrationBean   : Mapping filter: 'hiddenHttpMethodFilter' to: [/*]
2018-02-17 15:15:10.329  INFO 6929 --- [localhost-startStop-1] o.s.b.w.servlet.FilterRegistrationBean   : Mapping filter: 'httpPutFormContentFilter' to: [/*]
2018-02-17 15:15:10.329  INFO 6929 --- [localhost-startStop-1] o.s.b.w.servlet.FilterRegistrationBean   : Mapping filter: 'requestContextFilter' to: [/*]
2018-02-17 15:15:10.329  INFO 6929 --- [localhost-startStop-1] o.s.b.w.servlet.FilterRegistrationBean   : Mapping filter: 'webRequestLoggingFilter' to: [/*]
2018-02-17 15:15:10.329  INFO 6929 --- [localhost-startStop-1] o.s.b.w.servlet.FilterRegistrationBean   : Mapping filter: 'applicationContextIdFilter' to: [/*]
2018-02-17 15:15:11.456  INFO 6929 --- [main] s.w.s.m.m.a.RequestMappingHandlerAdapter : Looking for @ControllerAdvice: org.springframework.boot.context.embedded.AnnotationConfigEmbeddedWebApplicationContext@25d250c6: startup date [Sat Feb 17 15:15:05 CST 2018]; root of context hierarchy
2018-02-17 15:15:11.611  INFO 6929 --- [main] s.w.s.m.m.a.RequestMappingHandlerMapping : Mapped "{[/monitor]}" onto public java.lang.String com.mms.cloud.web.CountryMonitorController.index(org.springframework.ui.ModelMap,java.lang.String,java.lang.String)
2018-02-17 15:15:11.613  INFO 6929 --- [main] s.w.s.m.m.a.RequestMappingHandlerMapping : Mapped "{[/countryMonitor]}" onto public java.lang.String com.mms.cloud.web.CountryMonitorController.index(org.springframework.ui.ModelMap)
2018-02-17 15:15:11.613  INFO 6929 --- [main] s.w.s.m.m.a.RequestMappingHandlerMapping : Mapped "{[/loadOperateLog]}" onto public void com.mms.cloud.web.CountryMonitorController.loadOperateLog(javax.servlet.http.HttpServletRequest,javax.servlet.http.HttpServletResponse,java.lang.String)
2018-02-17 15:15:11.614  INFO 6929 --- [main] s.w.s.m.m.a.RequestMappingHandlerMapping : Mapped "{[/loadOperateLogant/api/profile/advanced]}" onto public void com.mms.cloud.web.CountryMonitorController.loadOperateLogant(javax.servlet.http.HttpServletRequest,javax.servlet.http.HttpServletResponse)
2018-02-17 15:15:11.614  INFO 6929 --- [main] s.w.s.m.m.a.RequestMappingHandlerMapping : Mapped "{[/loadOrderStatus]}" onto public void com.mms.cloud.web.CountryMonitorController.loadOrderStatus(javax.servlet.http.HttpServletRequest,javax.servlet.http.HttpServletResponse,java.lang.String,java.lang.String)
2018-02-17 15:15:11.615  INFO 6929 --- [main] s.w.s.m.m.a.RequestMappingHandlerMapping : Mapped "{[/loadOrderStatusStatistics]}" onto private void com.mms.cloud.web.CountryMonitorController.loadOrderStatusStatistics(javax.servlet.http.HttpServletRequest,javax.servlet.http.HttpServletResponse,java.lang.String)
2018-02-17 15:15:11.616  INFO 6929 --- [main] s.w.s.m.m.a.RequestMappingHandlerMapping : Mapped "{[/sendMock]}" onto public void com.mms.cloud.web.MockController.sendMock(javax.servlet.http.HttpServletRequest,javax.servlet.http.HttpServletResponse,java.lang.String,java.lang.String)
2018-02-17 15:15:11.617  INFO 6929 --- [main] s.w.s.m.m.a.RequestMappingHandlerMapping : Mapped "{[/payMock]}" onto public void com.mms.cloud.web.MockController.payMock(javax.servlet.http.HttpServletRequest,javax.servlet.http.HttpServletResponse,java.lang.String,java.lang.String)
2018-02-17 15:15:11.619  INFO 6929 --- [main] s.w.s.m.m.a.RequestMappingHandlerMapping : Mapped "{[/api/queryOrderList],methods=[GET]}" onto public com.mms.cloud.dto.ResultData<java.util.List<com.mms.cloud.dto.OrderEntity>> com.mms.cloud.web.OrderMonitorResource.queryMmsMonitorData(java.lang.String,java.lang.String)
2018-02-17 15:15:11.620  INFO 6929 --- [main] s.w.s.m.m.a.RequestMappingHandlerMapping : Mapped "{[/api/users],methods=[GET]}" onto public java.lang.String com.mms.cloud.web.OrderMonitorResource.getusers()
2018-02-17 15:15:11.621  INFO 6929 --- [main] s.w.s.m.m.a.RequestMappingHandlerMapping : Mapped "{[/api/currentUser],methods=[GET]}" onto public java.lang.String com.mms.cloud.web.OrderMonitorResource.getcurrentUser()
2018-02-17 15:15:11.624  INFO 6929 --- [main] s.w.s.m.m.a.RequestMappingHandlerMapping : Mapped "{[/error]}" onto public org.springframework.http.ResponseEntity<java.util.Map<java.lang.String, java.lang.Object>> org.springframework.boot.autoconfigure.web.BasicErrorController.error(javax.servlet.http.HttpServletRequest)
2018-02-17 15:15:11.625  INFO 6929 --- [main] s.w.s.m.m.a.RequestMappingHandlerMapping : Mapped "{[/error],produces=[text/html]}" onto public org.springframework.web.servlet.ModelAndView org.springframework.boot.autoconfigure.web.BasicErrorController.errorHtml(javax.servlet.http.HttpServletRequest,javax.servlet.http.HttpServletResponse)
2018-02-17 15:15:11.671  INFO 6929 --- [main] o.s.w.s.handler.SimpleUrlHandlerMapping  : Mapped URL path [/webjars/**] onto handler of type [class org.springframework.web.servlet.resource.ResourceHttpRequestHandler]
2018-02-17 15:15:11.671  INFO 6929 --- [main] o.s.w.s.handler.SimpleUrlHandlerMapping  : Mapped URL path [/**] onto handler of type [class org.springframework.web.servlet.resource.ResourceHttpRequestHandler]
2018-02-17 15:15:11.745  INFO 6929 --- [main] o.s.w.s.handler.SimpleUrlHandlerMapping  : Mapped URL path [/**/favicon.ico] onto handler of type [class org.springframework.web.servlet.resource.ResourceHttpRequestHandler]
2018-02-17 15:15:12.693  INFO 6929 --- [main] o.s.b.a.e.mvc.EndpointHandlerMapping     : Mapped "{[/logfile || /logfile.json],methods=[GET || HEAD]}" onto public void org.springframework.boot.actuate.endpoint.mvc.LogFileMvcEndpoint.invoke(javax.servlet.http.HttpServletRequest,javax.servlet.http.HttpServletResponse) throws javax.servlet.ServletException,java.io.IOException
2018-02-17 15:15:12.695  INFO 6929 --- [main] o.s.b.a.e.mvc.EndpointHandlerMapping     : Mapped "{[/trace || /trace.json],methods=[GET],produces=[application/vnd.spring-boot.actuator.v1+json || application/json]}" onto public java.lang.Object org.springframework.boot.actuate.endpoint.mvc.EndpointMvcAdapter.invoke()
2018-02-17 15:15:12.697  INFO 6929 --- [main] o.s.b.a.e.mvc.EndpointHandlerMapping     : Mapped "{[/env/{name:.*}],methods=[GET],produces=[application/vnd.spring-boot.actuator.v1+json || application/json]}" onto public java.lang.Object org.springframework.boot.actuate.endpoint.mvc.EnvironmentMvcEndpoint.value(java.lang.String)
2018-02-17 15:15:12.697  INFO 6929 --- [main] o.s.b.a.e.mvc.EndpointHandlerMapping     : Mapped "{[/env || /env.json],methods=[GET],produces=[application/vnd.spring-boot.actuator.v1+json || application/json]}" onto public java.lang.Object org.springframework.boot.actuate.endpoint.mvc.EndpointMvcAdapter.invoke()
2018-02-17 15:15:12.698  INFO 6929 --- [main] o.s.b.a.e.mvc.EndpointHandlerMapping     : Mapped "{[/beans || /beans.json],methods=[GET],produces=[application/vnd.spring-boot.actuator.v1+json || application/json]}" onto public java.lang.Object org.springframework.boot.actuate.endpoint.mvc.EndpointMvcAdapter.invoke()
2018-02-17 15:15:12.699  INFO 6929 --- [main] o.s.b.a.e.mvc.EndpointHandlerMapping     : Mapped "{[/configprops || /configprops.json],methods=[GET],produces=[application/vnd.spring-boot.actuator.v1+json || application/json]}" onto public java.lang.Object org.springframework.boot.actuate.endpoint.mvc.EndpointMvcAdapter.invoke()
2018-02-17 15:15:12.701  INFO 6929 --- [main] o.s.b.a.e.mvc.EndpointHandlerMapping     : Mapped "{[/heapdump || /heapdump.json],methods=[GET],produces=[application/octet-stream]}" onto public void org.springframework.boot.actuate.endpoint.mvc.HeapdumpMvcEndpoint.invoke(boolean,javax.servlet.http.HttpServletRequest,javax.servlet.http.HttpServletResponse) throws java.io.IOException,javax.servlet.ServletException
2018-02-17 15:15:12.704  INFO 6929 --- [main] o.s.b.a.e.mvc.EndpointHandlerMapping     : Mapped "{[/mappings || /mappings.json],methods=[GET],produces=[application/vnd.spring-boot.actuator.v1+json || application/json]}" onto public java.lang.Object org.springframework.boot.actuate.endpoint.mvc.EndpointMvcAdapter.invoke()
2018-02-17 15:15:12.706  INFO 6929 --- [main] o.s.b.a.e.mvc.EndpointHandlerMapping     : Mapped "{[/metrics/{name:.*}],methods=[GET],produces=[application/vnd.spring-boot.actuator.v1+json || application/json]}" onto public java.lang.Object org.springframework.boot.actuate.endpoint.mvc.MetricsMvcEndpoint.value(java.lang.String)
2018-02-17 15:15:12.706  INFO 6929 --- [main] o.s.b.a.e.mvc.EndpointHandlerMapping     : Mapped "{[/metrics || /metrics.json],methods=[GET],produces=[application/vnd.spring-boot.actuator.v1+json || application/json]}" onto public java.lang.Object org.springframework.boot.actuate.endpoint.mvc.EndpointMvcAdapter.invoke()
2018-02-17 15:15:12.708  INFO 6929 --- [main] o.s.b.a.e.mvc.EndpointHandlerMapping     : Mapped "{[/dump || /dump.json],methods=[GET],produces=[application/vnd.spring-boot.actuator.v1+json || application/json]}" onto public java.lang.Object org.springframework.boot.actuate.endpoint.mvc.EndpointMvcAdapter.invoke()
2018-02-17 15:15:12.709  INFO 6929 --- [main] o.s.b.a.e.mvc.EndpointHandlerMapping     : Mapped "{[/info || /info.json],methods=[GET],produces=[application/vnd.spring-boot.actuator.v1+json || application/json]}" onto public java.lang.Object org.springframework.boot.actuate.endpoint.mvc.EndpointMvcAdapter.invoke()
2018-02-17 15:15:12.710  INFO 6929 --- [main] o.s.b.a.e.mvc.EndpointHandlerMapping     : Mapped "{[/autoconfig || /autoconfig.json],methods=[GET],produces=[application/vnd.spring-boot.actuator.v1+json || application/json]}" onto public java.lang.Object org.springframework.boot.actuate.endpoint.mvc.EndpointMvcAdapter.invoke()
2018-02-17 15:15:12.711  INFO 6929 --- [main] o.s.b.a.e.mvc.EndpointHandlerMapping     : Mapped "{[/health || /health.json],methods=[GET],produces=[application/vnd.spring-boot.actuator.v1+json || application/json]}" onto public java.lang.Object org.springframework.boot.actuate.endpoint.mvc.HealthMvcEndpoint.invoke(javax.servlet.http.HttpServletRequest,java.security.Principal)
2018-02-17 15:15:12.712  INFO 6929 --- [main] o.s.b.a.e.mvc.EndpointHandlerMapping     : Mapped "{[/auditevents || /auditevents.json],methods=[GET],produces=[application/vnd.spring-boot.actuator.v1+json || application/json]}" onto public org.springframework.http.ResponseEntity<?> org.springframework.boot.actuate.endpoint.mvc.AuditEventsMvcEndpoint.findByPrincipalAndAfterAndType(java.lang.String,java.util.Date,java.lang.String)
2018-02-17 15:15:12.714  INFO 6929 --- [main] o.s.b.a.e.mvc.EndpointHandlerMapping     : Mapped "{[/loggers/{name:.*}],methods=[GET],produces=[application/vnd.spring-boot.actuator.v1+json || application/json]}" onto public java.lang.Object org.springframework.boot.actuate.endpoint.mvc.LoggersMvcEndpoint.get(java.lang.String)
2018-02-17 15:15:12.716  INFO 6929 --- [main] o.s.b.a.e.mvc.EndpointHandlerMapping     : Mapped "{[/loggers/{name:.*}],methods=[POST],consumes=[application/vnd.spring-boot.actuator.v1+json || application/json],produces=[application/vnd.spring-boot.actuator.v1+json || application/json]}" onto public java.lang.Object org.springframework.boot.actuate.endpoint.mvc.LoggersMvcEndpoint.set(java.lang.String,java.util.Map<java.lang.String, java.lang.String>)
2018-02-17 15:15:12.716  INFO 6929 --- [main] o.s.b.a.e.mvc.EndpointHandlerMapping     : Mapped "{[/loggers || /loggers.json],methods=[GET],produces=[application/vnd.spring-boot.actuator.v1+json || application/json]}" onto public java.lang.Object org.springframework.boot.actuate.endpoint.mvc.EndpointMvcAdapter.invoke()
2018-02-17 15:15:13.061  INFO 6929 --- [main] o.s.w.s.v.f.FreeMarkerConfigurer         : ClassTemplateLoader for Spring macros added to FreeMarker configuration
2018-02-17 15:15:13.240  INFO 6929 --- [main] o.s.j.e.a.AnnotationMBeanExporter        : Registering beans for JMX exposure on startup
2018-02-17 15:15:13.263  INFO 6929 --- [main] o.s.c.support.DefaultLifecycleProcessor  : Starting beans in phase 0
2018-02-17 15:15:13.463  INFO 6929 --- [main] s.b.c.e.t.TomcatEmbeddedServletContainer : Tomcat started on port(s): 8080 (http)
2018-02-17 15:15:13.470  INFO 6929 --- [main] com.mms.cloud.App                        : Started App in 9.364 seconds (JVM running for 10.074)
2018-02-17 15:16:20.170  INFO 6929 --- [http-nio-8080-exec-1] o.a.c.c.C.[Tomcat].[localhost].[/]       : Initializing Spring FrameworkServlet 'dispatcherServlet'
2018-02-17 15:16:20.172  INFO 6929 --- [http-nio-8080-exec-1] o.s.web.servlet.DispatcherServlet        : FrameworkServlet 'dispatcherServlet': initialization started
2018-02-17 15:16:20.210  INFO 6929 --- [http-nio-8080-exec-1] o.s.web.servlet.DispatcherServlet        : FrameworkServlet 'dispatcherServlet': initialization completed in 37 ms
2018-02-17 15:16:24.189  INFO 6929 --- [http-nio-8080-exec-2] c.m.c.s.impl.OrderMonitorServiceImpl     : getOrderData size:3
2018-02-17 15:16:24.195  INFO 6929 --- [http-nio-8080-exec-1] c.m.c.s.impl.OrderMonitorServiceImpl     : getOrderData size:21
2018-02-17 15:16:24.196  INFO 6929 --- [http-nio-8080-exec-1] c.m.c.s.impl.OrderMonitorServiceImpl     : OrderEntity{orderCode=order000009, totalPrice=700, orderStatus=Sent, user=testf@qq.com, province=广东, modifyTime=2018-1-2 00:00:00,830}
2018-02-17 15:16:24.196  INFO 6929 --- [http-nio-8080-exec-1] c.m.c.s.impl.OrderMonitorServiceImpl     : OrderEntity{orderCode=order000009, totalPrice=700, orderStatus=Created, user=testf@qq.com, province=广东, modifyTime=2017-12-31 00:00:00,830}
2018-02-17 15:16:24.197  INFO 6929 --- [http-nio-8080-exec-1] c.m.c.s.impl.OrderMonitorServiceImpl     : OrderEntity{orderCode=order000009, totalPrice=700, orderStatus=Payed, user=testf@qq.com, province=广东, modifyTime=2018-1-1 00:00:00,830}
2018-02-17 15:16:24.197  INFO 6929 --- [http-nio-8080-exec-1] c.m.c.s.impl.OrderMonitorServiceImpl     : OrderEntity{orderCode=order000004, totalPrice=800, orderStatus=Created, user=testf@qq.com, province=湖北, modifyTime=2017-12-28 00:00:00,830}
2018-02-17 15:16:24.197  INFO 6929 --- [http-nio-8080-exec-1] c.m.c.s.impl.OrderMonitorServiceImpl     : OrderEntity{orderCode=order000005, totalPrice=800, orderStatus=Sent, user=testf@qq.com, province=广东, modifyTime=2017-12-28 00:20:00,830}
2018-02-17 15:16:24.197  INFO 6929 --- [http-nio-8080-exec-1] c.m.c.s.impl.OrderMonitorServiceImpl     : OrderEntity{orderCode=order000001, totalPrice=800, orderStatus=Received, user=testf@qq.com, province=广东, modifyTime=2017-12-30 10:00:00,830}
2018-02-17 15:16:24.198  INFO 6929 --- [http-nio-8080-exec-1] c.m.c.s.impl.OrderMonitorServiceImpl     : OrderEntity{orderCode=order000003, totalPrice=800, orderStatus=Payed, user=testf@qq.com, province=四川, modifyTime=2017-12-29 00:10:00,830}
2018-02-17 15:16:24.198  INFO 6929 --- [http-nio-8080-exec-1] c.m.c.s.impl.OrderMonitorServiceImpl     : OrderEntity{orderCode=order000005, totalPrice=800, orderStatus=Payed, user=testf@qq.com, province=广东, modifyTime=2017-12-28 00:10:00,830}
2018-02-17 15:16:24.198  INFO 6929 --- [http-nio-8080-exec-1] c.m.c.s.impl.OrderMonitorServiceImpl     : OrderEntity{orderCode=order000006, totalPrice=800, orderStatus=Payed, user=testf@qq.com, province=广东, modifyTime=2017-12-27 00:10:00,830}
2018-02-17 15:16:24.198  INFO 6929 --- [http-nio-8080-exec-1] c.m.c.s.impl.OrderMonitorServiceImpl     : OrderEntity{orderCode=order000006, totalPrice=800, orderStatus=Created, user=testf@qq.com, province=广东, modifyTime=2017-12-27 00:00:00,830}
2018-02-17 15:16:24.198  INFO 6929 --- [http-nio-8080-exec-1] c.m.c.s.impl.OrderMonitorServiceImpl     : OrderEntity{orderCode=order000006, totalPrice=800, orderStatus=Sent, user=testf@qq.com, province=广东, modifyTime=2017-12-27 00:20:00,830}
2018-02-17 15:16:24.198  INFO 6929 --- [http-nio-8080-exec-1] c.m.c.s.impl.OrderMonitorServiceImpl     : OrderEntity{orderCode=order000001, totalPrice=800, orderStatus=Created, user=testf@qq.com, province=广东, modifyTime=2017-12-30 00:00:00,830}
2018-02-17 15:16:24.199  INFO 6929 --- [http-nio-8080-exec-1] c.m.c.s.impl.OrderMonitorServiceImpl     : OrderEntity{orderCode=order000001, totalPrice=800, orderStatus=Sent, user=testf@qq.com, province=广东, modifyTime=2017-12-30 00:20:00,830}
2018-02-17 15:16:24.199  INFO 6929 --- [http-nio-8080-exec-1] c.m.c.s.impl.OrderMonitorServiceImpl     : OrderEntity{orderCode=order000005, totalPrice=800, orderStatus=Created, user=testf@qq.com, province=广东, modifyTime=2017-12-28 00:00:00,830}
2018-02-17 15:16:24.199  INFO 6929 --- [http-nio-8080-exec-1] c.m.c.s.impl.OrderMonitorServiceImpl     : OrderEntity{orderCode=order000001, totalPrice=800, orderStatus=Payed, user=testf@qq.com, province=广东, modifyTime=2017-12-30 00:10:00,830}
2018-02-17 15:16:24.199  INFO 6929 --- [http-nio-8080-exec-1] c.m.c.s.impl.OrderMonitorServiceImpl     : OrderEntity{orderCode=order000002, totalPrice=800, orderStatus=Created, user=testf@qq.com, province=山西, modifyTime=2017-12-29 00:00:00,830}
2018-02-17 15:16:24.199  INFO 6929 --- [http-nio-8080-exec-1] c.m.c.s.impl.OrderMonitorServiceImpl     : OrderEntity{orderCode=order000003, totalPrice=800, orderStatus=Created, user=testf@qq.com, province=四川, modifyTime=2017-12-29 00:00:00,830}
2018-02-17 15:16:24.199  INFO 6929 --- [http-nio-8080-exec-1] c.m.c.s.impl.OrderMonitorServiceImpl     : OrderEntity{orderCode=order000004, totalPrice=800, orderStatus=Payed, user=testf@qq.com, province=湖北, modifyTime=2017-12-28 00:10:00,830}
2018-02-17 15:16:24.199  INFO 6929 --- [http-nio-8080-exec-1] c.m.c.s.impl.OrderMonitorServiceImpl     : OrderEntity{orderCode=order000007, totalPrice=800, orderStatus=Created, user=testf@qq.com, province=广东, modifyTime=2017-12-30 00:00:00,830}
2018-02-17 15:16:24.199  INFO 6929 --- [http-nio-8080-exec-1] c.m.c.s.impl.OrderMonitorServiceImpl     : OrderEntity{orderCode=order000007, totalPrice=800, orderStatus=Cancelled, user=testf@qq.com, province=广东, modifyTime=2017-12-30 00:10:00,831}
2018-02-17 15:16:24.200  INFO 6929 --- [http-nio-8080-exec-1] c.m.c.s.impl.OrderMonitorServiceImpl     : OrderEntity{orderCode=order000008, totalPrice=800, orderStatus=Created, user=testf@qq.com, province=广东, modifyTime=2017-12-30 00:00:00,830}
2018-02-20 11:35:53.523  INFO 6929 --- [Thread-3] ationConfigEmbeddedWebApplicationContext : Closing org.springframework.boot.context.embedded.AnnotationConfigEmbeddedWebApplicationContext@25d250c6: startup date [Sat Feb 17 15:15:05 CST 2018]; root of context hierarchy
2018-02-20 11:35:53.682  INFO 6929 --- [Thread-3] o.s.c.support.DefaultLifecycleProcessor  : Stopping beans in phase 0
2018-02-20 11:35:53.757  INFO 6929 --- [Thread-3] o.s.j.e.a.AnnotationMBeanExporter        : Unregistering JMX-exposed beans on shutdown
2018-02-20 11:35:53.824  INFO 6929 --- [Thread-3] com.mms.cloud.RestClientFactoryBean      : Closing the elasticsearch sniffer
2018-02-28 11:42:10.680  INFO 15844 --- [main] com.mms.cloud.App                        : Starting App on Michaels-MacBook-Pro.local with PID 15844 (/Users/michael.li/Documents/GitHub/a2/monitor-micro-service/target/classes started by michael in /Users/michael.li/Documents/GitHub/a2/monitor-micro-service)
2018-02-28 11:42:10.689  INFO 15844 --- [main] com.mms.cloud.App                        : No active profile set, falling back to default profiles: default
2018-02-28 11:42:10.883  INFO 15844 --- [main] ationConfigEmbeddedWebApplicationContext : Refreshing org.springframework.boot.context.embedded.AnnotationConfigEmbeddedWebApplicationContext@25d250c6: startup date [Wed Feb 28 11:42:10 CST 2018]; root of context hierarchy
2018-02-28 11:42:12.636  INFO 15844 --- [main] o.s.b.f.xml.XmlBeanDefinitionReader      : Loading XML bean definitions from class path resource [META-INF/spring.xml]
2018-02-28 11:42:14.178  INFO 15844 --- [main] trationDelegate$BeanPostProcessorChecker : Bean 'loggingFailureListener' of type [com.mms.cloud.LoggingFailureListener] is not eligible for getting processed by all BeanPostProcessors (for example: not eligible for auto-proxying)
2018-02-28 11:42:15.140  INFO 15844 --- [main] s.b.c.e.t.TomcatEmbeddedServletContainer : Tomcat initialized with port(s): 8080 (http)
2018-02-28 11:42:15.163  INFO 15844 --- [main] o.apache.catalina.core.StandardService   : Starting service [Tomcat]
2018-02-28 11:42:15.165  INFO 15844 --- [main] org.apache.catalina.core.StandardEngine  : Starting Servlet Engine: Apache Tomcat/8.5.23
2018-02-28 11:42:15.372  INFO 15844 --- [localhost-startStop-1] o.a.c.c.C.[Tomcat].[localhost].[/]       : Initializing Spring embedded WebApplicationContext
2018-02-28 11:42:15.373  INFO 15844 --- [localhost-startStop-1] o.s.web.context.ContextLoader            : Root WebApplicationContext: initialization completed in 4494 ms
2018-02-28 11:42:15.721  INFO 15844 --- [localhost-startStop-1] o.s.b.w.servlet.ServletRegistrationBean  : Mapping servlet: 'dispatcherServlet' to [/]
2018-02-28 11:42:15.729  INFO 15844 --- [localhost-startStop-1] o.s.b.w.servlet.FilterRegistrationBean   : Mapping filter: 'metricsFilter' to: [/*]
2018-02-28 11:42:15.730  INFO 15844 --- [localhost-startStop-1] o.s.b.w.servlet.FilterRegistrationBean   : Mapping filter: 'characterEncodingFilter' to: [/*]
2018-02-28 11:42:15.730  INFO 15844 --- [localhost-startStop-1] o.s.b.w.servlet.FilterRegistrationBean   : Mapping filter: 'hiddenHttpMethodFilter' to: [/*]
2018-02-28 11:42:15.731  INFO 15844 --- [localhost-startStop-1] o.s.b.w.servlet.FilterRegistrationBean   : Mapping filter: 'httpPutFormContentFilter' to: [/*]
2018-02-28 11:42:15.731  INFO 15844 --- [localhost-startStop-1] o.s.b.w.servlet.FilterRegistrationBean   : Mapping filter: 'requestContextFilter' to: [/*]
2018-02-28 11:42:15.731  INFO 15844 --- [localhost-startStop-1] o.s.b.w.servlet.FilterRegistrationBean   : Mapping filter: 'webRequestLoggingFilter' to: [/*]
2018-02-28 11:42:15.731  INFO 15844 --- [localhost-startStop-1] o.s.b.w.servlet.FilterRegistrationBean   : Mapping filter: 'applicationContextIdFilter' to: [/*]
2018-02-28 11:42:16.753  INFO 15844 --- [main] s.w.s.m.m.a.RequestMappingHandlerAdapter : Looking for @ControllerAdvice: org.springframework.boot.context.embedded.AnnotationConfigEmbeddedWebApplicationContext@25d250c6: startup date [Wed Feb 28 11:42:10 CST 2018]; root of context hierarchy
2018-02-28 11:42:16.892  INFO 15844 --- [main] s.w.s.m.m.a.RequestMappingHandlerMapping : Mapped "{[/monitor]}" onto public java.lang.String com.mms.cloud.web.CountryMonitorController.index(org.springframework.ui.ModelMap,java.lang.String,java.lang.String)
2018-02-28 11:42:16.893  INFO 15844 --- [main] s.w.s.m.m.a.RequestMappingHandlerMapping : Mapped "{[/countryMonitor]}" onto public java.lang.String com.mms.cloud.web.CountryMonitorController.index(org.springframework.ui.ModelMap)
2018-02-28 11:42:16.894  INFO 15844 --- [main] s.w.s.m.m.a.RequestMappingHandlerMapping : Mapped "{[/loadOperateLog]}" onto public void com.mms.cloud.web.CountryMonitorController.loadOperateLog(javax.servlet.http.HttpServletRequest,javax.servlet.http.HttpServletResponse,java.lang.String)
2018-02-28 11:42:16.894  INFO 15844 --- [main] s.w.s.m.m.a.RequestMappingHandlerMapping : Mapped "{[/loadOperateLogant/api/profile/advanced]}" onto public void com.mms.cloud.web.CountryMonitorController.loadOperateLogant(javax.servlet.http.HttpServletRequest,javax.servlet.http.HttpServletResponse)
2018-02-28 11:42:16.895  INFO 15844 --- [main] s.w.s.m.m.a.RequestMappingHandlerMapping : Mapped "{[/loadOrderStatus]}" onto public void com.mms.cloud.web.CountryMonitorController.loadOrderStatus(javax.servlet.http.HttpServletRequest,javax.servlet.http.HttpServletResponse,java.lang.String,java.lang.String)
2018-02-28 11:42:16.895  INFO 15844 --- [main] s.w.s.m.m.a.RequestMappingHandlerMapping : Mapped "{[/loadOrderStatusStatistics]}" onto private void com.mms.cloud.web.CountryMonitorController.loadOrderStatusStatistics(javax.servlet.http.HttpServletRequest,javax.servlet.http.HttpServletResponse,java.lang.String)
2018-02-28 11:42:16.896  INFO 15844 --- [main] s.w.s.m.m.a.RequestMappingHandlerMapping : Mapped "{[/sendMock]}" onto public void com.mms.cloud.web.MockController.sendMock(javax.servlet.http.HttpServletRequest,javax.servlet.http.HttpServletResponse,java.lang.String,java.lang.String)
2018-02-28 11:42:16.897  INFO 15844 --- [main] s.w.s.m.m.a.RequestMappingHandlerMapping : Mapped "{[/payMock]}" onto public void com.mms.cloud.web.MockController.payMock(javax.servlet.http.HttpServletRequest,javax.servlet.http.HttpServletResponse,java.lang.String,java.lang.String)
2018-02-28 11:42:16.901  INFO 15844 --- [main] s.w.s.m.m.a.RequestMappingHandlerMapping : Mapped "{[/api/queryOrderList],methods=[GET]}" onto public com.mms.cloud.dto.ResultData<java.util.List<com.mms.cloud.dto.OrderEntity>> com.mms.cloud.web.OrderMonitorResource.queryMmsMonitorData(java.lang.String,java.lang.String)
2018-02-28 11:42:16.902  INFO 15844 --- [main] s.w.s.m.m.a.RequestMappingHandlerMapping : Mapped "{[/api/users],methods=[GET]}" onto public java.lang.String com.mms.cloud.web.OrderMonitorResource.getusers()
2018-02-28 11:42:16.903  INFO 15844 --- [main] s.w.s.m.m.a.RequestMappingHandlerMapping : Mapped "{[/api/currentUser],methods=[GET]}" onto public java.lang.String com.mms.cloud.web.OrderMonitorResource.getcurrentUser()
2018-02-28 11:42:16.906  INFO 15844 --- [main] s.w.s.m.m.a.RequestMappingHandlerMapping : Mapped "{[/error]}" onto public org.springframework.http.ResponseEntity<java.util.Map<java.lang.String, java.lang.Object>> org.springframework.boot.autoconfigure.web.BasicErrorController.error(javax.servlet.http.HttpServletRequest)
2018-02-28 11:42:16.906  INFO 15844 --- [main] s.w.s.m.m.a.RequestMappingHandlerMapping : Mapped "{[/error],produces=[text/html]}" onto public org.springframework.web.servlet.ModelAndView org.springframework.boot.autoconfigure.web.BasicErrorController.errorHtml(javax.servlet.http.HttpServletRequest,javax.servlet.http.HttpServletResponse)
2018-02-28 11:42:16.954  INFO 15844 --- [main] o.s.w.s.handler.SimpleUrlHandlerMapping  : Mapped URL path [/webjars/**] onto handler of type [class org.springframework.web.servlet.resource.ResourceHttpRequestHandler]
2018-02-28 11:42:16.955  INFO 15844 --- [main] o.s.w.s.handler.SimpleUrlHandlerMapping  : Mapped URL path [/**] onto handler of type [class org.springframework.web.servlet.resource.ResourceHttpRequestHandler]
2018-02-28 11:42:17.037  INFO 15844 --- [main] o.s.w.s.handler.SimpleUrlHandlerMapping  : Mapped URL path [/**/favicon.ico] onto handler of type [class org.springframework.web.servlet.resource.ResourceHttpRequestHandler]
2018-02-28 11:42:17.767  INFO 15844 --- [main] o.s.b.a.e.mvc.EndpointHandlerMapping     : Mapped "{[/dump || /dump.json],methods=[GET],produces=[application/vnd.spring-boot.actuator.v1+json || application/json]}" onto public java.lang.Object org.springframework.boot.actuate.endpoint.mvc.EndpointMvcAdapter.invoke()
2018-02-28 11:42:17.768  INFO 15844 --- [main] o.s.b.a.e.mvc.EndpointHandlerMapping     : Mapped "{[/info || /info.json],methods=[GET],produces=[application/vnd.spring-boot.actuator.v1+json || application/json]}" onto public java.lang.Object org.springframework.boot.actuate.endpoint.mvc.EndpointMvcAdapter.invoke()
2018-02-28 11:42:17.769  INFO 15844 --- [main] o.s.b.a.e.mvc.EndpointHandlerMapping     : Mapped "{[/logfile || /logfile.json],methods=[GET || HEAD]}" onto public void org.springframework.boot.actuate.endpoint.mvc.LogFileMvcEndpoint.invoke(javax.servlet.http.HttpServletRequest,javax.servlet.http.HttpServletResponse) throws javax.servlet.ServletException,java.io.IOException
2018-02-28 11:42:17.770  INFO 15844 --- [main] o.s.b.a.e.mvc.EndpointHandlerMapping     : Mapped "{[/beans || /beans.json],methods=[GET],produces=[application/vnd.spring-boot.actuator.v1+json || application/json]}" onto public java.lang.Object org.springframework.boot.actuate.endpoint.mvc.EndpointMvcAdapter.invoke()
2018-02-28 11:42:17.771  INFO 15844 --- [main] o.s.b.a.e.mvc.EndpointHandlerMapping     : Mapped "{[/health || /health.json],methods=[GET],produces=[application/vnd.spring-boot.actuator.v1+json || application/json]}" onto public java.lang.Object org.springframework.boot.actuate.endpoint.mvc.HealthMvcEndpoint.invoke(javax.servlet.http.HttpServletRequest,java.security.Principal)
2018-02-28 11:42:17.772  INFO 15844 --- [main] o.s.b.a.e.mvc.EndpointHandlerMapping     : Mapped "{[/mappings || /mappings.json],methods=[GET],produces=[application/vnd.spring-boot.actuator.v1+json || application/json]}" onto public java.lang.Object org.springframework.boot.actuate.endpoint.mvc.EndpointMvcAdapter.invoke()
2018-02-28 11:42:17.775  INFO 15844 --- [main] o.s.b.a.e.mvc.EndpointHandlerMapping     : Mapped "{[/autoconfig || /autoconfig.json],methods=[GET],produces=[application/vnd.spring-boot.actuator.v1+json || application/json]}" onto public java.lang.Object org.springframework.boot.actuate.endpoint.mvc.EndpointMvcAdapter.invoke()
2018-02-28 11:42:17.776  INFO 15844 --- [main] o.s.b.a.e.mvc.EndpointHandlerMapping     : Mapped "{[/trace || /trace.json],methods=[GET],produces=[application/vnd.spring-boot.actuator.v1+json || application/json]}" onto public java.lang.Object org.springframework.boot.actuate.endpoint.mvc.EndpointMvcAdapter.invoke()
2018-02-28 11:42:17.778  INFO 15844 --- [main] o.s.b.a.e.mvc.EndpointHandlerMapping     : Mapped "{[/env/{name:.*}],methods=[GET],produces=[application/vnd.spring-boot.actuator.v1+json || application/json]}" onto public java.lang.Object org.springframework.boot.actuate.endpoint.mvc.EnvironmentMvcEndpoint.value(java.lang.String)
2018-02-28 11:42:17.779  INFO 15844 --- [main] o.s.b.a.e.mvc.EndpointHandlerMapping     : Mapped "{[/env || /env.json],methods=[GET],produces=[application/vnd.spring-boot.actuator.v1+json || application/json]}" onto public java.lang.Object org.springframework.boot.actuate.endpoint.mvc.EndpointMvcAdapter.invoke()
2018-02-28 11:42:17.780  INFO 15844 --- [main] o.s.b.a.e.mvc.EndpointHandlerMapping     : Mapped "{[/heapdump || /heapdump.json],methods=[GET],produces=[application/octet-stream]}" onto public void org.springframework.boot.actuate.endpoint.mvc.HeapdumpMvcEndpoint.invoke(boolean,javax.servlet.http.HttpServletRequest,javax.servlet.http.HttpServletResponse) throws java.io.IOException,javax.servlet.ServletException
2018-02-28 11:42:17.781  INFO 15844 --- [main] o.s.b.a.e.mvc.EndpointHandlerMapping     : Mapped "{[/auditevents || /auditevents.json],methods=[GET],produces=[application/vnd.spring-boot.actuator.v1+json || application/json]}" onto public org.springframework.http.ResponseEntity<?> org.springframework.boot.actuate.endpoint.mvc.AuditEventsMvcEndpoint.findByPrincipalAndAfterAndType(java.lang.String,java.util.Date,java.lang.String)
2018-02-28 11:42:17.782  INFO 15844 --- [main] o.s.b.a.e.mvc.EndpointHandlerMapping     : Mapped "{[/configprops || /configprops.json],methods=[GET],produces=[application/vnd.spring-boot.actuator.v1+json || application/json]}" onto public java.lang.Object org.springframework.boot.actuate.endpoint.mvc.EndpointMvcAdapter.invoke()
2018-02-28 11:42:17.785  INFO 15844 --- [main] o.s.b.a.e.mvc.EndpointHandlerMapping     : Mapped "{[/loggers/{name:.*}],methods=[GET],produces=[application/vnd.spring-boot.actuator.v1+json || application/json]}" onto public java.lang.Object org.springframework.boot.actuate.endpoint.mvc.LoggersMvcEndpoint.get(java.lang.String)
2018-02-28 11:42:17.785  INFO 15844 --- [main] o.s.b.a.e.mvc.EndpointHandlerMapping     : Mapped "{[/loggers/{name:.*}],methods=[POST],consumes=[application/vnd.spring-boot.actuator.v1+json || application/json],produces=[application/vnd.spring-boot.actuator.v1+json || application/json]}" onto public java.lang.Object org.springframework.boot.actuate.endpoint.mvc.LoggersMvcEndpoint.set(java.lang.String,java.util.Map<java.lang.String, java.lang.String>)
2018-02-28 11:42:17.785  INFO 15844 --- [main] o.s.b.a.e.mvc.EndpointHandlerMapping     : Mapped "{[/loggers || /loggers.json],methods=[GET],produces=[application/vnd.spring-boot.actuator.v1+json || application/json]}" onto public java.lang.Object org.springframework.boot.actuate.endpoint.mvc.EndpointMvcAdapter.invoke()
2018-02-28 11:42:17.786  INFO 15844 --- [main] o.s.b.a.e.mvc.EndpointHandlerMapping     : Mapped "{[/metrics/{name:.*}],methods=[GET],produces=[application/vnd.spring-boot.actuator.v1+json || application/json]}" onto public java.lang.Object org.springframework.boot.actuate.endpoint.mvc.MetricsMvcEndpoint.value(java.lang.String)
2018-02-28 11:42:17.787  INFO 15844 --- [main] o.s.b.a.e.mvc.EndpointHandlerMapping     : Mapped "{[/metrics || /metrics.json],methods=[GET],produces=[application/vnd.spring-boot.actuator.v1+json || application/json]}" onto public java.lang.Object org.springframework.boot.actuate.endpoint.mvc.EndpointMvcAdapter.invoke()
2018-02-28 11:42:18.079  INFO 15844 --- [main] o.s.w.s.v.f.FreeMarkerConfigurer         : ClassTemplateLoader for Spring macros added to FreeMarker configuration
2018-02-28 11:42:18.259  INFO 15844 --- [main] o.s.j.e.a.AnnotationMBeanExporter        : Registering beans for JMX exposure on startup
2018-02-28 11:42:18.287  INFO 15844 --- [main] o.s.c.support.DefaultLifecycleProcessor  : Starting beans in phase 0
2018-02-28 11:42:18.549  INFO 15844 --- [main] s.b.c.e.t.TomcatEmbeddedServletContainer : Tomcat started on port(s): 8080 (http)
2018-02-28 11:42:18.555  INFO 15844 --- [main] com.mms.cloud.App                        : Started App in 8.557 seconds (JVM running for 9.171)
2018-02-28 11:49:00.181  INFO 15844 --- [http-nio-8080-exec-1] o.a.c.c.C.[Tomcat].[localhost].[/]       : Initializing Spring FrameworkServlet 'dispatcherServlet'
2018-02-28 11:49:00.196  INFO 15844 --- [http-nio-8080-exec-1] o.s.web.servlet.DispatcherServlet        : FrameworkServlet 'dispatcherServlet': initialization started
2018-02-28 11:49:00.308  INFO 15844 --- [http-nio-8080-exec-1] o.s.web.servlet.DispatcherServlet        : FrameworkServlet 'dispatcherServlet': initialization completed in 111 ms
2018-02-28 11:49:03.545  INFO 15844 --- [http-nio-8080-exec-1] c.m.c.s.impl.OrderMonitorServiceImpl     : getOrderData size:21
2018-02-28 11:49:03.545  INFO 15844 --- [http-nio-8080-exec-1] c.m.c.s.impl.OrderMonitorServiceImpl     : OrderEntity{orderCode=order000009, totalPrice=700, orderStatus=Sent, user=testf@qq.com, province=广东, modifyTime=2018-1-2 00:00:00,830}
2018-02-28 11:49:03.546  INFO 15844 --- [http-nio-8080-exec-1] c.m.c.s.impl.OrderMonitorServiceImpl     : OrderEntity{orderCode=order000009, totalPrice=700, orderStatus=Created, user=testf@qq.com, province=广东, modifyTime=2017-12-31 00:00:00,830}
2018-02-28 11:49:03.547  INFO 15844 --- [http-nio-8080-exec-1] c.m.c.s.impl.OrderMonitorServiceImpl     : OrderEntity{orderCode=order000009, totalPrice=700, orderStatus=Payed, user=testf@qq.com, province=广东, modifyTime=2018-1-1 00:00:00,830}
2018-02-28 11:49:03.547  INFO 15844 --- [http-nio-8080-exec-1] c.m.c.s.impl.OrderMonitorServiceImpl     : OrderEntity{orderCode=order000004, totalPrice=800, orderStatus=Created, user=testf@qq.com, province=湖北, modifyTime=2017-12-28 00:00:00,830}
2018-02-28 11:49:03.547  INFO 15844 --- [http-nio-8080-exec-1] c.m.c.s.impl.OrderMonitorServiceImpl     : OrderEntity{orderCode=order000005, totalPrice=800, orderStatus=Sent, user=testf@qq.com, province=广东, modifyTime=2017-12-28 00:20:00,830}
2018-02-28 11:49:03.547  INFO 15844 --- [http-nio-8080-exec-1] c.m.c.s.impl.OrderMonitorServiceImpl     : OrderEntity{orderCode=order000001, totalPrice=800, orderStatus=Received, user=testf@qq.com, province=广东, modifyTime=2017-12-30 10:00:00,830}
2018-02-28 11:49:03.547  INFO 15844 --- [http-nio-8080-exec-1] c.m.c.s.impl.OrderMonitorServiceImpl     : OrderEntity{orderCode=order000003, totalPrice=800, orderStatus=Payed, user=testf@qq.com, province=四川, modifyTime=2017-12-29 00:10:00,830}
2018-02-28 11:49:03.547  INFO 15844 --- [http-nio-8080-exec-1] c.m.c.s.impl.OrderMonitorServiceImpl     : OrderEntity{orderCode=order000005, totalPrice=800, orderStatus=Payed, user=testf@qq.com, province=广东, modifyTime=2017-12-28 00:10:00,830}
2018-02-28 11:49:03.548  INFO 15844 --- [http-nio-8080-exec-1] c.m.c.s.impl.OrderMonitorServiceImpl     : OrderEntity{orderCode=order000006, totalPrice=800, orderStatus=Payed, user=testf@qq.com, province=广东, modifyTime=2017-12-27 00:10:00,830}
2018-02-28 11:49:03.548  INFO 15844 --- [http-nio-8080-exec-1] c.m.c.s.impl.OrderMonitorServiceImpl     : OrderEntity{orderCode=order000006, totalPrice=800, orderStatus=Created, user=testf@qq.com, province=广东, modifyTime=2017-12-27 00:00:00,830}
2018-02-28 11:49:03.548  INFO 15844 --- [http-nio-8080-exec-1] c.m.c.s.impl.OrderMonitorServiceImpl     : OrderEntity{orderCode=order000006, totalPrice=800, orderStatus=Sent, user=testf@qq.com, province=广东, modifyTime=2017-12-27 00:20:00,830}
2018-02-28 11:49:03.548  INFO 15844 --- [http-nio-8080-exec-1] c.m.c.s.impl.OrderMonitorServiceImpl     : OrderEntity{orderCode=order000001, totalPrice=800, orderStatus=Created, user=testf@qq.com, province=广东, modifyTime=2017-12-30 00:00:00,830}
2018-02-28 11:49:03.548  INFO 15844 --- [http-nio-8080-exec-1] c.m.c.s.impl.OrderMonitorServiceImpl     : OrderEntity{orderCode=order000001, totalPrice=800, orderStatus=Sent, user=testf@qq.com, province=广东, modifyTime=2017-12-30 00:20:00,830}
2018-02-28 11:49:03.548  INFO 15844 --- [http-nio-8080-exec-1] c.m.c.s.impl.OrderMonitorServiceImpl     : OrderEntity{orderCode=order000005, totalPrice=800, orderStatus=Created, user=testf@qq.com, province=广东, modifyTime=2017-12-28 00:00:00,830}
2018-02-28 11:49:03.548  INFO 15844 --- [http-nio-8080-exec-1] c.m.c.s.impl.OrderMonitorServiceImpl     : OrderEntity{orderCode=order000001, totalPrice=800, orderStatus=Payed, user=testf@qq.com, province=广东, modifyTime=2017-12-30 00:10:00,830}
2018-02-28 11:49:03.548  INFO 15844 --- [http-nio-8080-exec-1] c.m.c.s.impl.OrderMonitorServiceImpl     : OrderEntity{orderCode=order000002, totalPrice=800, orderStatus=Created, user=testf@qq.com, province=山西, modifyTime=2017-12-29 00:00:00,830}
2018-02-28 11:49:03.549  INFO 15844 --- [http-nio-8080-exec-1] c.m.c.s.impl.OrderMonitorServiceImpl     : OrderEntity{orderCode=order000003, totalPrice=800, orderStatus=Created, user=testf@qq.com, province=四川, modifyTime=2017-12-29 00:00:00,830}
2018-02-28 11:49:03.549  INFO 15844 --- [http-nio-8080-exec-1] c.m.c.s.impl.OrderMonitorServiceImpl     : OrderEntity{orderCode=order000004, totalPrice=800, orderStatus=Payed, user=testf@qq.com, province=湖北, modifyTime=2017-12-28 00:10:00,830}
2018-02-28 11:49:03.549  INFO 15844 --- [http-nio-8080-exec-1] c.m.c.s.impl.OrderMonitorServiceImpl     : OrderEntity{orderCode=order000007, totalPrice=800, orderStatus=Created, user=testf@qq.com, province=广东, modifyTime=2017-12-30 00:00:00,830}
2018-02-28 11:49:03.549  INFO 15844 --- [http-nio-8080-exec-1] c.m.c.s.impl.OrderMonitorServiceImpl     : OrderEntity{orderCode=order000007, totalPrice=800, orderStatus=Cancelled, user=testf@qq.com, province=广东, modifyTime=2017-12-30 00:10:00,831}
2018-02-28 11:49:03.550  INFO 15844 --- [http-nio-8080-exec-1] c.m.c.s.impl.OrderMonitorServiceImpl     : OrderEntity{orderCode=order000008, totalPrice=800, orderStatus=Created, user=testf@qq.com, province=广东, modifyTime=2017-12-30 00:00:00,830}
2018-02-28 11:49:03.612  INFO 15844 --- [http-nio-8080-exec-1] c.m.c.s.impl.OrderMonitorServiceImpl     : getOrderData size:21
2018-02-28 11:49:03.613  INFO 15844 --- [http-nio-8080-exec-1] c.m.c.s.impl.OrderMonitorServiceImpl     : OrderEntity{orderCode=order000009, totalPrice=700, orderStatus=Sent, user=testf@qq.com, province=广东, modifyTime=2018-1-2 00:00:00,830}
2018-02-28 11:49:03.613  INFO 15844 --- [http-nio-8080-exec-1] c.m.c.s.impl.OrderMonitorServiceImpl     : OrderEntity{orderCode=order000009, totalPrice=700, orderStatus=Created, user=testf@qq.com, province=广东, modifyTime=2017-12-31 00:00:00,830}
2018-02-28 11:49:03.613  INFO 15844 --- [http-nio-8080-exec-1] c.m.c.s.impl.OrderMonitorServiceImpl     : OrderEntity{orderCode=order000009, totalPrice=700, orderStatus=Payed, user=testf@qq.com, province=广东, modifyTime=2018-1-1 00:00:00,830}
2018-02-28 11:49:03.613  INFO 15844 --- [http-nio-8080-exec-1] c.m.c.s.impl.OrderMonitorServiceImpl     : OrderEntity{orderCode=order000004, totalPrice=800, orderStatus=Created, user=testf@qq.com, province=湖北, modifyTime=2017-12-28 00:00:00,830}
2018-02-28 11:49:03.613  INFO 15844 --- [http-nio-8080-exec-1] c.m.c.s.impl.OrderMonitorServiceImpl     : OrderEntity{orderCode=order000005, totalPrice=800, orderStatus=Sent, user=testf@qq.com, province=广东, modifyTime=2017-12-28 00:20:00,830}
2018-02-28 11:49:03.613  INFO 15844 --- [http-nio-8080-exec-1] c.m.c.s.impl.OrderMonitorServiceImpl     : OrderEntity{orderCode=order000001, totalPrice=800, orderStatus=Received, user=testf@qq.com, province=广东, modifyTime=2017-12-30 10:00:00,830}
2018-02-28 11:49:03.613  INFO 15844 --- [http-nio-8080-exec-1] c.m.c.s.impl.OrderMonitorServiceImpl     : OrderEntity{orderCode=order000003, totalPrice=800, orderStatus=Payed, user=testf@qq.com, province=四川, modifyTime=2017-12-29 00:10:00,830}
2018-02-28 11:49:03.614  INFO 15844 --- [http-nio-8080-exec-1] c.m.c.s.impl.OrderMonitorServiceImpl     : OrderEntity{orderCode=order000005, totalPrice=800, orderStatus=Payed, user=testf@qq.com, province=广东, modifyTime=2017-12-28 00:10:00,830}
2018-02-28 11:49:03.614  INFO 15844 --- [http-nio-8080-exec-1] c.m.c.s.impl.OrderMonitorServiceImpl     : OrderEntity{orderCode=order000006, totalPrice=800, orderStatus=Payed, user=testf@qq.com, province=广东, modifyTime=2017-12-27 00:10:00,830}
2018-02-28 11:49:03.614  INFO 15844 --- [http-nio-8080-exec-1] c.m.c.s.impl.OrderMonitorServiceImpl     : OrderEntity{orderCode=order000006, totalPrice=800, orderStatus=Created, user=testf@qq.com, province=广东, modifyTime=2017-12-27 00:00:00,830}
2018-02-28 11:49:03.615  INFO 15844 --- [http-nio-8080-exec-1] c.m.c.s.impl.OrderMonitorServiceImpl     : OrderEntity{orderCode=order000006, totalPrice=800, orderStatus=Sent, user=testf@qq.com, province=广东, modifyTime=2017-12-27 00:20:00,830}
2018-02-28 11:49:03.618  INFO 15844 --- [http-nio-8080-exec-1] c.m.c.s.impl.OrderMonitorServiceImpl     : OrderEntity{orderCode=order000001, totalPrice=800, orderStatus=Created, user=testf@qq.com, province=广东, modifyTime=2017-12-30 00:00:00,830}
2018-02-28 11:49:03.619  INFO 15844 --- [http-nio-8080-exec-1] c.m.c.s.impl.OrderMonitorServiceImpl     : OrderEntity{orderCode=order000001, totalPrice=800, orderStatus=Sent, user=testf@qq.com, province=广东, modifyTime=2017-12-30 00:20:00,830}
2018-02-28 11:49:03.619  INFO 15844 --- [http-nio-8080-exec-1] c.m.c.s.impl.OrderMonitorServiceImpl     : OrderEntity{orderCode=order000005, totalPrice=800, orderStatus=Created, user=testf@qq.com, province=广东, modifyTime=2017-12-28 00:00:00,830}
2018-02-28 11:49:03.619  INFO 15844 --- [http-nio-8080-exec-1] c.m.c.s.impl.OrderMonitorServiceImpl     : OrderEntity{orderCode=order000001, totalPrice=800, orderStatus=Payed, user=testf@qq.com, province=广东, modifyTime=2017-12-30 00:10:00,830}
2018-02-28 11:49:03.619  INFO 15844 --- [http-nio-8080-exec-1] c.m.c.s.impl.OrderMonitorServiceImpl     : OrderEntity{orderCode=order000002, totalPrice=800, orderStatus=Created, user=testf@qq.com, province=山西, modifyTime=2017-12-29 00:00:00,830}
2018-02-28 11:49:03.619  INFO 15844 --- [http-nio-8080-exec-1] c.m.c.s.impl.OrderMonitorServiceImpl     : OrderEntity{orderCode=order000003, totalPrice=800, orderStatus=Created, user=testf@qq.com, province=四川, modifyTime=2017-12-29 00:00:00,830}
2018-02-28 11:49:03.620  INFO 15844 --- [http-nio-8080-exec-1] c.m.c.s.impl.OrderMonitorServiceImpl     : OrderEntity{orderCode=order000004, totalPrice=800, orderStatus=Payed, user=testf@qq.com, province=湖北, modifyTime=2017-12-28 00:10:00,830}
2018-02-28 11:49:03.621  INFO 15844 --- [http-nio-8080-exec-1] c.m.c.s.impl.OrderMonitorServiceImpl     : OrderEntity{orderCode=order000007, totalPrice=800, orderStatus=Created, user=testf@qq.com, province=广东, modifyTime=2017-12-30 00:00:00,830}
2018-02-28 11:49:03.621  INFO 15844 --- [http-nio-8080-exec-1] c.m.c.s.impl.OrderMonitorServiceImpl     : OrderEntity{orderCode=order000007, totalPrice=800, orderStatus=Cancelled, user=testf@qq.com, province=广东, modifyTime=2017-12-30 00:10:00,831}
2018-02-28 11:49:03.621  INFO 15844 --- [http-nio-8080-exec-1] c.m.c.s.impl.OrderMonitorServiceImpl     : OrderEntity{orderCode=order000008, totalPrice=800, orderStatus=Created, user=testf@qq.com, province=广东, modifyTime=2017-12-30 00:00:00,830}
2018-02-28 12:17:33.301  INFO 15844 --- [http-nio-8080-exec-4] c.m.c.s.impl.OrderMonitorServiceImpl     : getOrderData size:21
2018-02-28 12:17:33.305  INFO 15844 --- [http-nio-8080-exec-4] c.m.c.s.impl.OrderMonitorServiceImpl     : OrderEntity{orderCode=order000009, totalPrice=700, orderStatus=Sent, user=testf@qq.com, province=广东, modifyTime=2018-1-2 00:00:00,830}
2018-02-28 12:17:33.305  INFO 15844 --- [http-nio-8080-exec-4] c.m.c.s.impl.OrderMonitorServiceImpl     : OrderEntity{orderCode=order000009, totalPrice=700, orderStatus=Created, user=testf@qq.com, province=广东, modifyTime=2017-12-31 00:00:00,830}
2018-02-28 12:17:33.305  INFO 15844 --- [http-nio-8080-exec-4] c.m.c.s.impl.OrderMonitorServiceImpl     : OrderEntity{orderCode=order000009, totalPrice=700, orderStatus=Payed, user=testf@qq.com, province=广东, modifyTime=2018-1-1 00:00:00,830}
2018-02-28 12:17:33.305  INFO 15844 --- [http-nio-8080-exec-4] c.m.c.s.impl.OrderMonitorServiceImpl     : OrderEntity{orderCode=order000004, totalPrice=800, orderStatus=Created, user=testf@qq.com, province=湖北, modifyTime=2017-12-28 00:00:00,830}
2018-02-28 12:17:33.306  INFO 15844 --- [http-nio-8080-exec-4] c.m.c.s.impl.OrderMonitorServiceImpl     : OrderEntity{orderCode=order000005, totalPrice=800, orderStatus=Sent, user=testf@qq.com, province=广东, modifyTime=2017-12-28 00:20:00,830}
2018-02-28 12:17:33.306  INFO 15844 --- [http-nio-8080-exec-4] c.m.c.s.impl.OrderMonitorServiceImpl     : OrderEntity{orderCode=order000001, totalPrice=800, orderStatus=Received, user=testf@qq.com, province=广东, modifyTime=2017-12-30 10:00:00,830}
2018-02-28 12:17:33.306  INFO 15844 --- [http-nio-8080-exec-4] c.m.c.s.impl.OrderMonitorServiceImpl     : OrderEntity{orderCode=order000003, totalPrice=800, orderStatus=Payed, user=testf@qq.com, province=四川, modifyTime=2017-12-29 00:10:00,830}
2018-02-28 12:17:33.306  INFO 15844 --- [http-nio-8080-exec-4] c.m.c.s.impl.OrderMonitorServiceImpl     : OrderEntity{orderCode=order000005, totalPrice=800, orderStatus=Payed, user=testf@qq.com, province=广东, modifyTime=2017-12-28 00:10:00,830}
2018-02-28 12:17:33.306  INFO 15844 --- [http-nio-8080-exec-4] c.m.c.s.impl.OrderMonitorServiceImpl     : OrderEntity{orderCode=order000006, totalPrice=800, orderStatus=Payed, user=testf@qq.com, province=广东, modifyTime=2017-12-27 00:10:00,830}
2018-02-28 12:17:33.306  INFO 15844 --- [http-nio-8080-exec-4] c.m.c.s.impl.OrderMonitorServiceImpl     : OrderEntity{orderCode=order000006, totalPrice=800, orderStatus=Created, user=testf@qq.com, province=广东, modifyTime=2017-12-27 00:00:00,830}
2018-02-28 12:17:33.306  INFO 15844 --- [http-nio-8080-exec-4] c.m.c.s.impl.OrderMonitorServiceImpl     : OrderEntity{orderCode=order000006, totalPrice=800, orderStatus=Sent, user=testf@qq.com, province=广东, modifyTime=2017-12-27 00:20:00,830}
2018-02-28 12:17:33.306  INFO 15844 --- [http-nio-8080-exec-4] c.m.c.s.impl.OrderMonitorServiceImpl     : OrderEntity{orderCode=order000001, totalPrice=800, orderStatus=Created, user=testf@qq.com, province=广东, modifyTime=2017-12-30 00:00:00,830}
2018-02-28 12:17:33.307  INFO 15844 --- [http-nio-8080-exec-4] c.m.c.s.impl.OrderMonitorServiceImpl     : OrderEntity{orderCode=order000001, totalPrice=800, orderStatus=Sent, user=testf@qq.com, province=广东, modifyTime=2017-12-30 00:20:00,830}
2018-02-28 12:17:33.307  INFO 15844 --- [http-nio-8080-exec-4] c.m.c.s.impl.OrderMonitorServiceImpl     : OrderEntity{orderCode=order000005, totalPrice=800, orderStatus=Created, user=testf@qq.com, province=广东, modifyTime=2017-12-28 00:00:00,830}
2018-02-28 12:17:33.307  INFO 15844 --- [http-nio-8080-exec-4] c.m.c.s.impl.OrderMonitorServiceImpl     : OrderEntity{orderCode=order000001, totalPrice=800, orderStatus=Payed, user=testf@qq.com, province=广东, modifyTime=2017-12-30 00:10:00,830}
2018-02-28 12:17:33.307  INFO 15844 --- [http-nio-8080-exec-4] c.m.c.s.impl.OrderMonitorServiceImpl     : OrderEntity{orderCode=order000002, totalPrice=800, orderStatus=Created, user=testf@qq.com, province=山西, modifyTime=2017-12-29 00:00:00,830}
2018-02-28 12:17:33.307  INFO 15844 --- [http-nio-8080-exec-4] c.m.c.s.impl.OrderMonitorServiceImpl     : OrderEntity{orderCode=order000003, totalPrice=800, orderStatus=Created, user=testf@qq.com, province=四川, modifyTime=2017-12-29 00:00:00,830}
2018-02-28 12:17:33.308  INFO 15844 --- [http-nio-8080-exec-4] c.m.c.s.impl.OrderMonitorServiceImpl     : OrderEntity{orderCode=order000004, totalPrice=800, orderStatus=Payed, user=testf@qq.com, province=湖北, modifyTime=2017-12-28 00:10:00,830}
2018-02-28 12:17:33.308  INFO 15844 --- [http-nio-8080-exec-4] c.m.c.s.impl.OrderMonitorServiceImpl     : OrderEntity{orderCode=order000007, totalPrice=800, orderStatus=Created, user=testf@qq.com, province=广东, modifyTime=2017-12-30 00:00:00,830}
2018-02-28 12:17:33.308  INFO 15844 --- [http-nio-8080-exec-4] c.m.c.s.impl.OrderMonitorServiceImpl     : OrderEntity{orderCode=order000007, totalPrice=800, orderStatus=Cancelled, user=testf@qq.com, province=广东, modifyTime=2017-12-30 00:10:00,831}
2018-02-28 12:17:33.309  INFO 15844 --- [http-nio-8080-exec-4] c.m.c.s.impl.OrderMonitorServiceImpl     : OrderEntity{orderCode=order000008, totalPrice=800, orderStatus=Created, user=testf@qq.com, province=广东, modifyTime=2017-12-30 00:00:00,830}
2018-02-28 12:17:33.396  INFO 15844 --- [http-nio-8080-exec-4] c.m.c.s.impl.OrderMonitorServiceImpl     : getOrderData size:21
2018-02-28 12:17:33.397  INFO 15844 --- [http-nio-8080-exec-4] c.m.c.s.impl.OrderMonitorServiceImpl     : OrderEntity{orderCode=order000009, totalPrice=700, orderStatus=Sent, user=testf@qq.com, province=广东, modifyTime=2018-1-2 00:00:00,830}
2018-02-28 12:17:33.398  INFO 15844 --- [http-nio-8080-exec-4] c.m.c.s.impl.OrderMonitorServiceImpl     : OrderEntity{orderCode=order000009, totalPrice=700, orderStatus=Created, user=testf@qq.com, province=广东, modifyTime=2017-12-31 00:00:00,830}
2018-02-28 12:17:33.399  INFO 15844 --- [http-nio-8080-exec-4] c.m.c.s.impl.OrderMonitorServiceImpl     : OrderEntity{orderCode=order000009, totalPrice=700, orderStatus=Payed, user=testf@qq.com, province=广东, modifyTime=2018-1-1 00:00:00,830}
2018-02-28 12:17:33.400  INFO 15844 --- [http-nio-8080-exec-4] c.m.c.s.impl.OrderMonitorServiceImpl     : OrderEntity{orderCode=order000004, totalPrice=800, orderStatus=Created, user=testf@qq.com, province=湖北, modifyTime=2017-12-28 00:00:00,830}
2018-02-28 12:17:33.401  INFO 15844 --- [http-nio-8080-exec-4] c.m.c.s.impl.OrderMonitorServiceImpl     : OrderEntity{orderCode=order000005, totalPrice=800, orderStatus=Sent, user=testf@qq.com, province=广东, modifyTime=2017-12-28 00:20:00,830}
2018-02-28 12:17:33.402  INFO 15844 --- [http-nio-8080-exec-4] c.m.c.s.impl.OrderMonitorServiceImpl     : OrderEntity{orderCode=order000001, totalPrice=800, orderStatus=Received, user=testf@qq.com, province=广东, modifyTime=2017-12-30 10:00:00,830}
2018-02-28 12:17:33.402  INFO 15844 --- [http-nio-8080-exec-4] c.m.c.s.impl.OrderMonitorServiceImpl     : OrderEntity{orderCode=order000003, totalPrice=800, orderStatus=Payed, user=testf@qq.com, province=四川, modifyTime=2017-12-29 00:10:00,830}
2018-02-28 12:17:33.402  INFO 15844 --- [http-nio-8080-exec-4] c.m.c.s.impl.OrderMonitorServiceImpl     : OrderEntity{orderCode=order000005, totalPrice=800, orderStatus=Payed, user=testf@qq.com, province=广东, modifyTime=2017-12-28 00:10:00,830}
2018-02-28 12:17:33.403  INFO 15844 --- [http-nio-8080-exec-4] c.m.c.s.impl.OrderMonitorServiceImpl     : OrderEntity{orderCode=order000006, totalPrice=800, orderStatus=Payed, user=testf@qq.com, province=广东, modifyTime=2017-12-27 00:10:00,830}
2018-02-28 12:17:33.403  INFO 15844 --- [http-nio-8080-exec-4] c.m.c.s.impl.OrderMonitorServiceImpl     : OrderEntity{orderCode=order000006, totalPrice=800, orderStatus=Created, user=testf@qq.com, province=广东, modifyTime=2017-12-27 00:00:00,830}
2018-02-28 12:17:33.403  INFO 15844 --- [http-nio-8080-exec-4] c.m.c.s.impl.OrderMonitorServiceImpl     : OrderEntity{orderCode=order000006, totalPrice=800, orderStatus=Sent, user=testf@qq.com, province=广东, modifyTime=2017-12-27 00:20:00,830}
2018-02-28 12:17:33.403  INFO 15844 --- [http-nio-8080-exec-4] c.m.c.s.impl.OrderMonitorServiceImpl     : OrderEntity{orderCode=order000001, totalPrice=800, orderStatus=Created, user=testf@qq.com, province=广东, modifyTime=2017-12-30 00:00:00,830}
2018-02-28 12:17:33.404  INFO 15844 --- [http-nio-8080-exec-4] c.m.c.s.impl.OrderMonitorServiceImpl     : OrderEntity{orderCode=order000001, totalPrice=800, orderStatus=Sent, user=testf@qq.com, province=广东, modifyTime=2017-12-30 00:20:00,830}
2018-02-28 12:17:33.404  INFO 15844 --- [http-nio-8080-exec-4] c.m.c.s.impl.OrderMonitorServiceImpl     : OrderEntity{orderCode=order000005, totalPrice=800, orderStatus=Created, user=testf@qq.com, province=广东, modifyTime=2017-12-28 00:00:00,830}
2018-02-28 12:17:33.405  INFO 15844 --- [http-nio-8080-exec-4] c.m.c.s.impl.OrderMonitorServiceImpl     : OrderEntity{orderCode=order000001, totalPrice=800, orderStatus=Payed, user=testf@qq.com, province=广东, modifyTime=2017-12-30 00:10:00,830}
2018-02-28 12:17:33.406  INFO 15844 --- [http-nio-8080-exec-4] c.m.c.s.impl.OrderMonitorServiceImpl     : OrderEntity{orderCode=order000002, totalPrice=800, orderStatus=Created, user=testf@qq.com, province=山西, modifyTime=2017-12-29 00:00:00,830}
2018-02-28 12:17:33.407  INFO 15844 --- [http-nio-8080-exec-4] c.m.c.s.impl.OrderMonitorServiceImpl     : OrderEntity{orderCode=order000003, totalPrice=800, orderStatus=Created, user=testf@qq.com, province=四川, modifyTime=2017-12-29 00:00:00,830}
2018-02-28 12:17:33.407  INFO 15844 --- [http-nio-8080-exec-4] c.m.c.s.impl.OrderMonitorServiceImpl     : OrderEntity{orderCode=order000004, totalPrice=800, orderStatus=Payed, user=testf@qq.com, province=湖北, modifyTime=2017-12-28 00:10:00,830}
2018-02-28 12:17:33.407  INFO 15844 --- [http-nio-8080-exec-4] c.m.c.s.impl.OrderMonitorServiceImpl     : OrderEntity{orderCode=order000007, totalPrice=800, orderStatus=Created, user=testf@qq.com, province=广东, modifyTime=2017-12-30 00:00:00,830}
2018-02-28 12:17:33.408  INFO 15844 --- [http-nio-8080-exec-4] c.m.c.s.impl.OrderMonitorServiceImpl     : OrderEntity{orderCode=order000007, totalPrice=800, orderStatus=Cancelled, user=testf@qq.com, province=广东, modifyTime=2017-12-30 00:10:00,831}
2018-02-28 12:17:33.408  INFO 15844 --- [http-nio-8080-exec-4] c.m.c.s.impl.OrderMonitorServiceImpl     : OrderEntity{orderCode=order000008, totalPrice=800, orderStatus=Created, user=testf@qq.com, province=广东, modifyTime=2017-12-30 00:00:00,830}
2018-02-28 12:17:40.340  INFO 15844 --- [http-nio-8080-exec-10] c.m.c.s.impl.OrderMonitorServiceImpl     : getOrderData size:21
2018-02-28 12:17:40.341  INFO 15844 --- [http-nio-8080-exec-10] c.m.c.s.impl.OrderMonitorServiceImpl     : OrderEntity{orderCode=order000009, totalPrice=700, orderStatus=Sent, user=testf@qq.com, province=广东, modifyTime=2018-1-2 00:00:00,830}
2018-02-28 12:17:40.341  INFO 15844 --- [http-nio-8080-exec-10] c.m.c.s.impl.OrderMonitorServiceImpl     : OrderEntity{orderCode=order000009, totalPrice=700, orderStatus=Created, user=testf@qq.com, province=广东, modifyTime=2017-12-31 00:00:00,830}
2018-02-28 12:17:40.341  INFO 15844 --- [http-nio-8080-exec-10] c.m.c.s.impl.OrderMonitorServiceImpl     : OrderEntity{orderCode=order000009, totalPrice=700, orderStatus=Payed, user=testf@qq.com, province=广东, modifyTime=2018-1-1 00:00:00,830}
2018-02-28 12:17:40.341  INFO 15844 --- [http-nio-8080-exec-10] c.m.c.s.impl.OrderMonitorServiceImpl     : OrderEntity{orderCode=order000004, totalPrice=800, orderStatus=Created, user=testf@qq.com, province=湖北, modifyTime=2017-12-28 00:00:00,830}
2018-02-28 12:17:40.341  INFO 15844 --- [http-nio-8080-exec-10] c.m.c.s.impl.OrderMonitorServiceImpl     : OrderEntity{orderCode=order000005, totalPrice=800, orderStatus=Sent, user=testf@qq.com, province=广东, modifyTime=2017-12-28 00:20:00,830}
2018-02-28 12:17:40.341  INFO 15844 --- [http-nio-8080-exec-10] c.m.c.s.impl.OrderMonitorServiceImpl     : OrderEntity{orderCode=order000001, totalPrice=800, orderStatus=Received, user=testf@qq.com, province=广东, modifyTime=2017-12-30 10:00:00,830}
2018-02-28 12:17:40.343  INFO 15844 --- [http-nio-8080-exec-10] c.m.c.s.impl.OrderMonitorServiceImpl     : OrderEntity{orderCode=order000003, totalPrice=800, orderStatus=Payed, user=testf@qq.com, province=四川, modifyTime=2017-12-29 00:10:00,830}
2018-02-28 12:17:40.343  INFO 15844 --- [http-nio-8080-exec-10] c.m.c.s.impl.OrderMonitorServiceImpl     : OrderEntity{orderCode=order000005, totalPrice=800, orderStatus=Payed, user=testf@qq.com, province=广东, modifyTime=2017-12-28 00:10:00,830}
2018-02-28 12:17:40.343  INFO 15844 --- [http-nio-8080-exec-10] c.m.c.s.impl.OrderMonitorServiceImpl     : OrderEntity{orderCode=order000006, totalPrice=800, orderStatus=Payed, user=testf@qq.com, province=广东, modifyTime=2017-12-27 00:10:00,830}
2018-02-28 12:17:40.343  INFO 15844 --- [http-nio-8080-exec-10] c.m.c.s.impl.OrderMonitorServiceImpl     : OrderEntity{orderCode=order000006, totalPrice=800, orderStatus=Created, user=testf@qq.com, province=广东, modifyTime=2017-12-27 00:00:00,830}
2018-02-28 12:17:40.343  INFO 15844 --- [http-nio-8080-exec-10] c.m.c.s.impl.OrderMonitorServiceImpl     : OrderEntity{orderCode=order000006, totalPrice=800, orderStatus=Sent, user=testf@qq.com, province=广东, modifyTime=2017-12-27 00:20:00,830}
2018-02-28 12:17:40.344  INFO 15844 --- [http-nio-8080-exec-10] c.m.c.s.impl.OrderMonitorServiceImpl     : OrderEntity{orderCode=order000001, totalPrice=800, orderStatus=Created, user=testf@qq.com, province=广东, modifyTime=2017-12-30 00:00:00,830}
2018-02-28 12:17:40.344  INFO 15844 --- [http-nio-8080-exec-10] c.m.c.s.impl.OrderMonitorServiceImpl     : OrderEntity{orderCode=order000001, totalPrice=800, orderStatus=Sent, user=testf@qq.com, province=广东, modifyTime=2017-12-30 00:20:00,830}
2018-02-28 12:17:40.344  INFO 15844 --- [http-nio-8080-exec-10] c.m.c.s.impl.OrderMonitorServiceImpl     : OrderEntity{orderCode=order000005, totalPrice=800, orderStatus=Created, user=testf@qq.com, province=广东, modifyTime=2017-12-28 00:00:00,830}
2018-02-28 12:17:40.344  INFO 15844 --- [http-nio-8080-exec-10] c.m.c.s.impl.OrderMonitorServiceImpl     : OrderEntity{orderCode=order000001, totalPrice=800, orderStatus=Payed, user=testf@qq.com, province=广东, modifyTime=2017-12-30 00:10:00,830}
2018-02-28 12:17:40.344  INFO 15844 --- [http-nio-8080-exec-10] c.m.c.s.impl.OrderMonitorServiceImpl     : OrderEntity{orderCode=order000002, totalPrice=800, orderStatus=Created, user=testf@qq.com, province=山西, modifyTime=2017-12-29 00:00:00,830}
2018-02-28 12:17:40.344  INFO 15844 --- [http-nio-8080-exec-10] c.m.c.s.impl.OrderMonitorServiceImpl     : OrderEntity{orderCode=order000003, totalPrice=800, orderStatus=Created, user=testf@qq.com, province=四川, modifyTime=2017-12-29 00:00:00,830}
2018-02-28 12:17:40.345  INFO 15844 --- [http-nio-8080-exec-10] c.m.c.s.impl.OrderMonitorServiceImpl     : OrderEntity{orderCode=order000004, totalPrice=800, orderStatus=Payed, user=testf@qq.com, province=湖北, modifyTime=2017-12-28 00:10:00,830}
2018-02-28 12:17:40.345  INFO 15844 --- [http-nio-8080-exec-10] c.m.c.s.impl.OrderMonitorServiceImpl     : OrderEntity{orderCode=order000007, totalPrice=800, orderStatus=Created, user=testf@qq.com, province=广东, modifyTime=2017-12-30 00:00:00,830}
2018-02-28 12:17:40.345  INFO 15844 --- [http-nio-8080-exec-10] c.m.c.s.impl.OrderMonitorServiceImpl     : OrderEntity{orderCode=order000007, totalPrice=800, orderStatus=Cancelled, user=testf@qq.com, province=广东, modifyTime=2017-12-30 00:10:00,831}
2018-02-28 12:17:40.345  INFO 15844 --- [http-nio-8080-exec-10] c.m.c.s.impl.OrderMonitorServiceImpl     : OrderEntity{orderCode=order000008, totalPrice=800, orderStatus=Created, user=testf@qq.com, province=广东, modifyTime=2017-12-30 00:00:00,830}
2018-02-28 12:17:40.423  INFO 15844 --- [http-nio-8080-exec-10] c.m.c.s.impl.OrderMonitorServiceImpl     : getOrderData size:21
2018-02-28 12:17:40.424  INFO 15844 --- [http-nio-8080-exec-10] c.m.c.s.impl.OrderMonitorServiceImpl     : OrderEntity{orderCode=order000009, totalPrice=700, orderStatus=Sent, user=testf@qq.com, province=广东, modifyTime=2018-1-2 00:00:00,830}
2018-02-28 12:17:40.424  INFO 15844 --- [http-nio-8080-exec-10] c.m.c.s.impl.OrderMonitorServiceImpl     : OrderEntity{orderCode=order000009, totalPrice=700, orderStatus=Created, user=testf@qq.com, province=广东, modifyTime=2017-12-31 00:00:00,830}
2018-02-28 12:17:40.424  INFO 15844 --- [http-nio-8080-exec-10] c.m.c.s.impl.OrderMonitorServiceImpl     : OrderEntity{orderCode=order000009, totalPrice=700, orderStatus=Payed, user=testf@qq.com, province=广东, modifyTime=2018-1-1 00:00:00,830}
2018-02-28 12:17:40.424  INFO 15844 --- [http-nio-8080-exec-10] c.m.c.s.impl.OrderMonitorServiceImpl     : OrderEntity{orderCode=order000004, totalPrice=800, orderStatus=Created, user=testf@qq.com, province=湖北, modifyTime=2017-12-28 00:00:00,830}
2018-02-28 12:17:40.425  INFO 15844 --- [http-nio-8080-exec-10] c.m.c.s.impl.OrderMonitorServiceImpl     : OrderEntity{orderCode=order000005, totalPrice=800, orderStatus=Sent, user=testf@qq.com, province=广东, modifyTime=2017-12-28 00:20:00,830}
2018-02-28 12:17:40.425  INFO 15844 --- [http-nio-8080-exec-10] c.m.c.s.impl.OrderMonitorServiceImpl     : OrderEntity{orderCode=order000001, totalPrice=800, orderStatus=Received, user=testf@qq.com, province=广东, modifyTime=2017-12-30 10:00:00,830}
2018-02-28 12:17:40.425  INFO 15844 --- [http-nio-8080-exec-10] c.m.c.s.impl.OrderMonitorServiceImpl     : OrderEntity{orderCode=order000003, totalPrice=800, orderStatus=Payed, user=testf@qq.com, province=四川, modifyTime=2017-12-29 00:10:00,830}
2018-02-28 12:17:40.425  INFO 15844 --- [http-nio-8080-exec-10] c.m.c.s.impl.OrderMonitorServiceImpl     : OrderEntity{orderCode=order000005, totalPrice=800, orderStatus=Payed, user=testf@qq.com, province=广东, modifyTime=2017-12-28 00:10:00,830}
2018-02-28 12:17:40.426  INFO 15844 --- [http-nio-8080-exec-10] c.m.c.s.impl.OrderMonitorServiceImpl     : OrderEntity{orderCode=order000006, totalPrice=800, orderStatus=Payed, user=testf@qq.com, province=广东, modifyTime=2017-12-27 00:10:00,830}
2018-02-28 12:17:40.426  INFO 15844 --- [http-nio-8080-exec-10] c.m.c.s.impl.OrderMonitorServiceImpl     : OrderEntity{orderCode=order000006, totalPrice=800, orderStatus=Created, user=testf@qq.com, province=广东, modifyTime=2017-12-27 00:00:00,830}
2018-02-28 12:17:40.426  INFO 15844 --- [http-nio-8080-exec-10] c.m.c.s.impl.OrderMonitorServiceImpl     : OrderEntity{orderCode=order000006, totalPrice=800, orderStatus=Sent, user=testf@qq.com, province=广东, modifyTime=2017-12-27 00:20:00,830}
2018-02-28 12:17:40.427  INFO 15844 --- [http-nio-8080-exec-10] c.m.c.s.impl.OrderMonitorServiceImpl     : OrderEntity{orderCode=order000001, totalPrice=800, orderStatus=Created, user=testf@qq.com, province=广东, modifyTime=2017-12-30 00:00:00,830}
2018-02-28 12:17:40.427  INFO 15844 --- [http-nio-8080-exec-10] c.m.c.s.impl.OrderMonitorServiceImpl     : OrderEntity{orderCode=order000001, totalPrice=800, orderStatus=Sent, user=testf@qq.com, province=广东, modifyTime=2017-12-30 00:20:00,830}
2018-02-28 12:17:40.427  INFO 15844 --- [http-nio-8080-exec-10] c.m.c.s.impl.OrderMonitorServiceImpl     : OrderEntity{orderCode=order000005, totalPrice=800, orderStatus=Created, user=testf@qq.com, province=广东, modifyTime=2017-12-28 00:00:00,830}
2018-02-28 12:17:40.428  INFO 15844 --- [http-nio-8080-exec-10] c.m.c.s.impl.OrderMonitorServiceImpl     : OrderEntity{orderCode=order000001, totalPrice=800, orderStatus=Payed, user=testf@qq.com, province=广东, modifyTime=2017-12-30 00:10:00,830}
2018-02-28 12:17:40.429  INFO 15844 --- [http-nio-8080-exec-10] c.m.c.s.impl.OrderMonitorServiceImpl     : OrderEntity{orderCode=order000002, totalPrice=800, orderStatus=Created, user=testf@qq.com, province=山西, modifyTime=2017-12-29 00:00:00,830}
2018-02-28 12:17:40.430  INFO 15844 --- [http-nio-8080-exec-10] c.m.c.s.impl.OrderMonitorServiceImpl     : OrderEntity{orderCode=order000003, totalPrice=800, orderStatus=Created, user=testf@qq.com, province=四川, modifyTime=2017-12-29 00:00:00,830}
2018-02-28 12:17:40.430  INFO 15844 --- [http-nio-8080-exec-10] c.m.c.s.impl.OrderMonitorServiceImpl     : OrderEntity{orderCode=order000004, totalPrice=800, orderStatus=Payed, user=testf@qq.com, province=湖北, modifyTime=2017-12-28 00:10:00,830}
2018-02-28 12:17:40.430  INFO 15844 --- [http-nio-8080-exec-10] c.m.c.s.impl.OrderMonitorServiceImpl     : OrderEntity{orderCode=order000007, totalPrice=800, orderStatus=Created, user=testf@qq.com, province=广东, modifyTime=2017-12-30 00:00:00,830}
2018-02-28 12:17:40.430  INFO 15844 --- [http-nio-8080-exec-10] c.m.c.s.impl.OrderMonitorServiceImpl     : OrderEntity{orderCode=order000007, totalPrice=800, orderStatus=Cancelled, user=testf@qq.com, province=广东, modifyTime=2017-12-30 00:10:00,831}
2018-02-28 12:17:40.430  INFO 15844 --- [http-nio-8080-exec-10] c.m.c.s.impl.OrderMonitorServiceImpl     : OrderEntity{orderCode=order000008, totalPrice=800, orderStatus=Created, user=testf@qq.com, province=广东, modifyTime=2017-12-30 00:00:00,830}
2018-02-28 12:17:59.921  INFO 15844 --- [http-nio-8080-exec-3] c.m.c.s.impl.OrderMonitorServiceImpl     : getOrderData size:21
2018-02-28 12:17:59.922  INFO 15844 --- [http-nio-8080-exec-3] c.m.c.s.impl.OrderMonitorServiceImpl     : OrderEntity{orderCode=order000009, totalPrice=700, orderStatus=Sent, user=testf@qq.com, province=广东, modifyTime=2018-1-2 00:00:00,830}
2018-02-28 12:17:59.922  INFO 15844 --- [http-nio-8080-exec-3] c.m.c.s.impl.OrderMonitorServiceImpl     : OrderEntity{orderCode=order000009, totalPrice=700, orderStatus=Created, user=testf@qq.com, province=广东, modifyTime=2017-12-31 00:00:00,830}
2018-02-28 12:17:59.922  INFO 15844 --- [http-nio-8080-exec-3] c.m.c.s.impl.OrderMonitorServiceImpl     : OrderEntity{orderCode=order000009, totalPrice=700, orderStatus=Payed, user=testf@qq.com, province=广东, modifyTime=2018-1-1 00:00:00,830}
2018-02-28 12:17:59.922  INFO 15844 --- [http-nio-8080-exec-3] c.m.c.s.impl.OrderMonitorServiceImpl     : OrderEntity{orderCode=order000004, totalPrice=800, orderStatus=Created, user=testf@qq.com, province=湖北, modifyTime=2017-12-28 00:00:00,830}
2018-02-28 12:17:59.922  INFO 15844 --- [http-nio-8080-exec-3] c.m.c.s.impl.OrderMonitorServiceImpl     : OrderEntity{orderCode=order000005, totalPrice=800, orderStatus=Sent, user=testf@qq.com, province=广东, modifyTime=2017-12-28 00:20:00,830}
2018-02-28 12:17:59.925  INFO 15844 --- [http-nio-8080-exec-3] c.m.c.s.impl.OrderMonitorServiceImpl     : OrderEntity{orderCode=order000001, totalPrice=800, orderStatus=Received, user=testf@qq.com, province=广东, modifyTime=2017-12-30 10:00:00,830}
2018-02-28 12:17:59.925  INFO 15844 --- [http-nio-8080-exec-3] c.m.c.s.impl.OrderMonitorServiceImpl     : OrderEntity{orderCode=order000003, totalPrice=800, orderStatus=Payed, user=testf@qq.com, province=四川, modifyTime=2017-12-29 00:10:00,830}
2018-02-28 12:17:59.927  INFO 15844 --- [http-nio-8080-exec-3] c.m.c.s.impl.OrderMonitorServiceImpl     : OrderEntity{orderCode=order000005, totalPrice=800, orderStatus=Payed, user=testf@qq.com, province=广东, modifyTime=2017-12-28 00:10:00,830}
2018-02-28 12:17:59.927  INFO 15844 --- [http-nio-8080-exec-3] c.m.c.s.impl.OrderMonitorServiceImpl     : OrderEntity{orderCode=order000006, totalPrice=800, orderStatus=Payed, user=testf@qq.com, province=广东, modifyTime=2017-12-27 00:10:00,830}
2018-02-28 12:17:59.927  INFO 15844 --- [http-nio-8080-exec-3] c.m.c.s.impl.OrderMonitorServiceImpl     : OrderEntity{orderCode=order000006, totalPrice=800, orderStatus=Created, user=testf@qq.com, province=广东, modifyTime=2017-12-27 00:00:00,830}
2018-02-28 12:17:59.927  INFO 15844 --- [http-nio-8080-exec-3] c.m.c.s.impl.OrderMonitorServiceImpl     : OrderEntity{orderCode=order000006, totalPrice=800, orderStatus=Sent, user=testf@qq.com, province=广东, modifyTime=2017-12-27 00:20:00,830}
2018-02-28 12:17:59.927  INFO 15844 --- [http-nio-8080-exec-3] c.m.c.s.impl.OrderMonitorServiceImpl     : OrderEntity{orderCode=order000001, totalPrice=800, orderStatus=Created, user=testf@qq.com, province=广东, modifyTime=2017-12-30 00:00:00,830}
2018-02-28 12:17:59.927  INFO 15844 --- [http-nio-8080-exec-3] c.m.c.s.impl.OrderMonitorServiceImpl     : OrderEntity{orderCode=order000001, totalPrice=800, orderStatus=Sent, user=testf@qq.com, province=广东, modifyTime=2017-12-30 00:20:00,830}
2018-02-28 12:17:59.927  INFO 15844 --- [http-nio-8080-exec-3] c.m.c.s.impl.OrderMonitorServiceImpl     : OrderEntity{orderCode=order000005, totalPrice=800, orderStatus=Created, user=testf@qq.com, province=广东, modifyTime=2017-12-28 00:00:00,830}
2018-02-28 12:17:59.929  INFO 15844 --- [http-nio-8080-exec-3] c.m.c.s.impl.OrderMonitorServiceImpl     : OrderEntity{orderCode=order000001, totalPrice=800, orderStatus=Payed, user=testf@qq.com, province=广东, modifyTime=2017-12-30 00:10:00,830}
2018-02-28 12:17:59.929  INFO 15844 --- [http-nio-8080-exec-3] c.m.c.s.impl.OrderMonitorServiceImpl     : OrderEntity{orderCode=order000002, totalPrice=800, orderStatus=Created, user=testf@qq.com, province=山西, modifyTime=2017-12-29 00:00:00,830}
2018-02-28 12:17:59.929  INFO 15844 --- [http-nio-8080-exec-3] c.m.c.s.impl.OrderMonitorServiceImpl     : OrderEntity{orderCode=order000003, totalPrice=800, orderStatus=Created, user=testf@qq.com, province=四川, modifyTime=2017-12-29 00:00:00,830}
2018-02-28 12:17:59.930  INFO 15844 --- [http-nio-8080-exec-3] c.m.c.s.impl.OrderMonitorServiceImpl     : OrderEntity{orderCode=order000004, totalPrice=800, orderStatus=Payed, user=testf@qq.com, province=湖北, modifyTime=2017-12-28 00:10:00,830}
2018-02-28 12:17:59.930  INFO 15844 --- [http-nio-8080-exec-3] c.m.c.s.impl.OrderMonitorServiceImpl     : OrderEntity{orderCode=order000007, totalPrice=800, orderStatus=Created, user=testf@qq.com, province=广东, modifyTime=2017-12-30 00:00:00,830}
2018-02-28 12:17:59.930  INFO 15844 --- [http-nio-8080-exec-3] c.m.c.s.impl.OrderMonitorServiceImpl     : OrderEntity{orderCode=order000007, totalPrice=800, orderStatus=Cancelled, user=testf@qq.com, province=广东, modifyTime=2017-12-30 00:10:00,831}
2018-02-28 12:17:59.931  INFO 15844 --- [http-nio-8080-exec-3] c.m.c.s.impl.OrderMonitorServiceImpl     : OrderEntity{orderCode=order000008, totalPrice=800, orderStatus=Created, user=testf@qq.com, province=广东, modifyTime=2017-12-30 00:00:00,830}
2018-02-28 12:17:59.998  INFO 15844 --- [http-nio-8080-exec-3] c.m.c.s.impl.OrderMonitorServiceImpl     : getOrderData size:21
2018-02-28 12:17:59.999  INFO 15844 --- [http-nio-8080-exec-3] c.m.c.s.impl.OrderMonitorServiceImpl     : OrderEntity{orderCode=order000009, totalPrice=700, orderStatus=Sent, user=testf@qq.com, province=广东, modifyTime=2018-1-2 00:00:00,830}
2018-02-28 12:17:59.999  INFO 15844 --- [http-nio-8080-exec-3] c.m.c.s.impl.OrderMonitorServiceImpl     : OrderEntity{orderCode=order000009, totalPrice=700, orderStatus=Created, user=testf@qq.com, province=广东, modifyTime=2017-12-31 00:00:00,830}
2018-02-28 12:17:59.999  INFO 15844 --- [http-nio-8080-exec-3] c.m.c.s.impl.OrderMonitorServiceImpl     : OrderEntity{orderCode=order000009, totalPrice=700, orderStatus=Payed, user=testf@qq.com, province=广东, modifyTime=2018-1-1 00:00:00,830}
2018-02-28 12:17:59.999  INFO 15844 --- [http-nio-8080-exec-3] c.m.c.s.impl.OrderMonitorServiceImpl     : OrderEntity{orderCode=order000004, totalPrice=800, orderStatus=Created, user=testf@qq.com, province=湖北, modifyTime=2017-12-28 00:00:00,830}
2018-02-28 12:17:59.999  INFO 15844 --- [http-nio-8080-exec-3] c.m.c.s.impl.OrderMonitorServiceImpl     : OrderEntity{orderCode=order000005, totalPrice=800, orderStatus=Sent, user=testf@qq.com, province=广东, modifyTime=2017-12-28 00:20:00,830}
2018-02-28 12:17:59.999  INFO 15844 --- [http-nio-8080-exec-3] c.m.c.s.impl.OrderMonitorServiceImpl     : OrderEntity{orderCode=order000001, totalPrice=800, orderStatus=Received, user=testf@qq.com, province=广东, modifyTime=2017-12-30 10:00:00,830}
2018-02-28 12:18:00.007  INFO 15844 --- [http-nio-8080-exec-3] c.m.c.s.impl.OrderMonitorServiceImpl     : OrderEntity{orderCode=order000003, totalPrice=800, orderStatus=Payed, user=testf@qq.com, province=四川, modifyTime=2017-12-29 00:10:00,830}
2018-02-28 12:18:00.007  INFO 15844 --- [http-nio-8080-exec-3] c.m.c.s.impl.OrderMonitorServiceImpl     : OrderEntity{orderCode=order000005, totalPrice=800, orderStatus=Payed, user=testf@qq.com, province=广东, modifyTime=2017-12-28 00:10:00,830}
2018-02-28 12:18:00.008  INFO 15844 --- [http-nio-8080-exec-3] c.m.c.s.impl.OrderMonitorServiceImpl     : OrderEntity{orderCode=order000006, totalPrice=800, orderStatus=Payed, user=testf@qq.com, province=广东, modifyTime=2017-12-27 00:10:00,830}
2018-02-28 12:18:00.008  INFO 15844 --- [http-nio-8080-exec-3] c.m.c.s.impl.OrderMonitorServiceImpl     : OrderEntity{orderCode=order000006, totalPrice=800, orderStatus=Created, user=testf@qq.com, province=广东, modifyTime=2017-12-27 00:00:00,830}
2018-02-28 12:18:00.008  INFO 15844 --- [http-nio-8080-exec-3] c.m.c.s.impl.OrderMonitorServiceImpl     : OrderEntity{orderCode=order000006, totalPrice=800, orderStatus=Sent, user=testf@qq.com, province=广东, modifyTime=2017-12-27 00:20:00,830}
2018-02-28 12:18:00.008  INFO 15844 --- [http-nio-8080-exec-3] c.m.c.s.impl.OrderMonitorServiceImpl     : OrderEntity{orderCode=order000001, totalPrice=800, orderStatus=Created, user=testf@qq.com, province=广东, modifyTime=2017-12-30 00:00:00,830}
2018-02-28 12:18:00.008  INFO 15844 --- [http-nio-8080-exec-3] c.m.c.s.impl.OrderMonitorServiceImpl     : OrderEntity{orderCode=order000001, totalPrice=800, orderStatus=Sent, user=testf@qq.com, province=广东, modifyTime=2017-12-30 00:20:00,830}
2018-02-28 12:18:00.008  INFO 15844 --- [http-nio-8080-exec-3] c.m.c.s.impl.OrderMonitorServiceImpl     : OrderEntity{orderCode=order000005, totalPrice=800, orderStatus=Created, user=testf@qq.com, province=广东, modifyTime=2017-12-28 00:00:00,830}
2018-02-28 12:18:00.008  INFO 15844 --- [http-nio-8080-exec-3] c.m.c.s.impl.OrderMonitorServiceImpl     : OrderEntity{orderCode=order000001, totalPrice=800, orderStatus=Payed, user=testf@qq.com, province=广东, modifyTime=2017-12-30 00:10:00,830}
2018-02-28 12:18:00.008  INFO 15844 --- [http-nio-8080-exec-3] c.m.c.s.impl.OrderMonitorServiceImpl     : OrderEntity{orderCode=order000002, totalPrice=800, orderStatus=Created, user=testf@qq.com, province=山西, modifyTime=2017-12-29 00:00:00,830}
2018-02-28 12:18:00.008  INFO 15844 --- [http-nio-8080-exec-3] c.m.c.s.impl.OrderMonitorServiceImpl     : OrderEntity{orderCode=order000003, totalPrice=800, orderStatus=Created, user=testf@qq.com, province=四川, modifyTime=2017-12-29 00:00:00,830}
2018-02-28 12:18:00.009  INFO 15844 --- [http-nio-8080-exec-3] c.m.c.s.impl.OrderMonitorServiceImpl     : OrderEntity{orderCode=order000004, totalPrice=800, orderStatus=Payed, user=testf@qq.com, province=湖北, modifyTime=2017-12-28 00:10:00,830}
2018-02-28 12:18:00.009  INFO 15844 --- [http-nio-8080-exec-3] c.m.c.s.impl.OrderMonitorServiceImpl     : OrderEntity{orderCode=order000007, totalPrice=800, orderStatus=Created, user=testf@qq.com, province=广东, modifyTime=2017-12-30 00:00:00,830}
2018-02-28 12:18:00.009  INFO 15844 --- [http-nio-8080-exec-3] c.m.c.s.impl.OrderMonitorServiceImpl     : OrderEntity{orderCode=order000007, totalPrice=800, orderStatus=Cancelled, user=testf@qq.com, province=广东, modifyTime=2017-12-30 00:10:00,831}
2018-02-28 12:18:00.009  INFO 15844 --- [http-nio-8080-exec-3] c.m.c.s.impl.OrderMonitorServiceImpl     : OrderEntity{orderCode=order000008, totalPrice=800, orderStatus=Created, user=testf@qq.com, province=广东, modifyTime=2017-12-30 00:00:00,830}
